[0m14:27:50.670331 [debug] [MainThread]: Sending event: {'category': 'dbt', 'action': 'invocation', 'label': 'start', 'context': [<snowplow_tracker.self_describing_json.SelfDescribingJson object at 0x7923f9eed720>, <snowplow_tracker.self_describing_json.SelfDescribingJson object at 0x7923f7d3b190>, <snowplow_tracker.self_describing_json.SelfDescribingJson object at 0x7923f7d3b1c0>]}


============================== 14:27:50.706409 | 6c873ef4-187a-42bf-a19d-36766426946c ==============================
[0m14:27:50.706409 [info ] [MainThread]: Running with dbt=1.6.1
[0m14:27:50.707101 [debug] [MainThread]: running dbt with arguments {'version_check': 'True', 'fail_fast': 'False', 'static_parser': 'True', 'partial_parse': 'True', 'printer_width': '80', 'debug': 'False', 'send_anonymous_usage_stats': 'True', 'quiet': 'False', 'use_experimental_parser': 'False', 'write_json': 'True', 'target_path': 'None', 'indirect_selection': 'eager', 'warn_error_options': 'WarnErrorOptions(include=[], exclude=[])', 'profiles_dir': '/home/vscode/.dbt', 'use_colors': 'True', 'introspect': 'True', 'invocation_command': 'dbt init', 'no_print': 'None', 'cache_selected_only': 'False', 'log_format': 'default', 'log_cache_events': 'False', 'log_path': 'logs', 'warn_error': 'None'}
[0m14:27:50.707735 [warn ] [MainThread]: [ConfigFolderDirectory]: Unable to parse dict {'dir': PosixPath('/home/vscode/.dbt')}
[0m14:27:50.708150 [info ] [MainThread]: Creating dbt configuration folder at 
[0m14:28:13.825988 [debug] [MainThread]: Starter project path: /home/vscode/.local/lib/python3.10/site-packages/dbt/include/starter_project
[0m14:28:13.832213 [info ] [MainThread]: 
Your new dbt project "nyc_parking_violations" was created!

For more information on how to configure the profiles.yml file,
please consult the dbt documentation here:

  https://docs.getdbt.com/docs/configure-your-profile

One more thing:

Need help? Don't hesitate to reach out to us via GitHub issues or on Slack:

  https://community.getdbt.com/

Happy modeling!

[0m14:28:13.832970 [info ] [MainThread]: Setting up your profile.
[0m14:28:34.221372 [info ] [MainThread]: No sample profile found for duckdb.
[0m14:28:34.222337 [debug] [MainThread]: Command `dbt init` succeeded at 14:28:34.222153 after 43.55 seconds
[0m14:28:34.222950 [debug] [MainThread]: Sending event: {'category': 'dbt', 'action': 'invocation', 'label': 'end', 'context': [<snowplow_tracker.self_describing_json.SelfDescribingJson object at 0x7923f9eed720>, <snowplow_tracker.self_describing_json.SelfDescribingJson object at 0x7923f7bcc640>, <snowplow_tracker.self_describing_json.SelfDescribingJson object at 0x7923f7bcc490>]}
[0m14:28:34.223691 [debug] [MainThread]: Flushing usage events
[0m14:45:04.220385 [debug] [MainThread]: Sending event: {'category': 'dbt', 'action': 'invocation', 'label': 'start', 'context': [<snowplow_tracker.self_describing_json.SelfDescribingJson object at 0x7f6fff391720>, <snowplow_tracker.self_describing_json.SelfDescribingJson object at 0x7f6ffd1db220>, <snowplow_tracker.self_describing_json.SelfDescribingJson object at 0x7f6ffd1db190>]}


============================== 14:45:04.228300 | f8783c87-81f6-4231-b7d1-f337aaba6057 ==============================
[0m14:45:04.228300 [info ] [MainThread]: Running with dbt=1.6.1
[0m14:45:04.229186 [debug] [MainThread]: running dbt with arguments {'printer_width': '80', 'indirect_selection': 'eager', 'target_path': 'None', 'log_path': 'logs', 'static_parser': 'True', 'use_experimental_parser': 'False', 'send_anonymous_usage_stats': 'True', 'use_colors': 'True', 'write_json': 'True', 'invocation_command': 'dbt debug', 'quiet': 'False', 'fail_fast': 'False', 'cache_selected_only': 'False', 'partial_parse': 'True', 'introspect': 'True', 'version_check': 'True', 'warn_error': 'None', 'no_print': 'None', 'log_format': 'default', 'profiles_dir': '/home/vscode/.dbt', 'log_cache_events': 'False', 'warn_error_options': 'WarnErrorOptions(include=[], exclude=[])', 'debug': 'False'}
[0m14:45:04.230121 [info ] [MainThread]: dbt version: 1.6.1
[0m14:45:04.230704 [info ] [MainThread]: python version: 3.10.12
[0m14:45:04.231255 [info ] [MainThread]: python path: /usr/local/bin/python
[0m14:45:04.231656 [info ] [MainThread]: os info: Linux-6.8.0-1027-azure-x86_64-with-glibc2.31
[0m14:45:04.232076 [info ] [MainThread]: Using profiles dir at /home/vscode/.dbt
[0m14:45:04.232490 [info ] [MainThread]: Using profiles.yml file at /home/vscode/.dbt/profiles.yml
[0m14:45:04.232880 [info ] [MainThread]: Using dbt_project.yml file at /workspaces/data-engineering-with-data-build-tool-dbt-4458303/dbt_project.yml
[0m14:45:04.233328 [info ] [MainThread]: Configuration:
[0m14:45:04.233791 [info ] [MainThread]:   profiles.yml file [[31mERROR not found[0m]
[0m14:45:04.234292 [info ] [MainThread]:   dbt_project.yml file [[31mERROR not found[0m]
[0m14:45:04.234798 [info ] [MainThread]: Required dependencies:
[0m14:45:04.235344 [debug] [MainThread]: Executing "git --help"
[0m14:45:04.237649 [debug] [MainThread]: STDOUT: "b"usage: git [-v | --version] [-h | --help] [-C <path>] [-c <name>=<value>]\n           [--exec-path[=<path>]] [--html-path] [--man-path] [--info-path]\n           [-p | --paginate | -P | --no-pager] [--no-replace-objects] [--bare]\n           [--git-dir=<path>] [--work-tree=<path>] [--namespace=<name>]\n           [--config-env=<name>=<envvar>] <command> [<args>]\n\nThese are common Git commands used in various situations:\n\nstart a working area (see also: git help tutorial)\n   clone     Clone a repository into a new directory\n   init      Create an empty Git repository or reinitialize an existing one\n\nwork on the current change (see also: git help everyday)\n   add       Add file contents to the index\n   mv        Move or rename a file, a directory, or a symlink\n   restore   Restore working tree files\n   rm        Remove files from the working tree and from the index\n\nexamine the history and state (see also: git help revisions)\n   bisect    Use binary search to find the commit that introduced a bug\n   diff      Show changes between commits, commit and working tree, etc\n   grep      Print lines matching a pattern\n   log       Show commit logs\n   show      Show various types of objects\n   status    Show the working tree status\n\ngrow, mark and tweak your common history\n   branch    List, create, or delete branches\n   commit    Record changes to the repository\n   merge     Join two or more development histories together\n   rebase    Reapply commits on top of another base tip\n   reset     Reset current HEAD to the specified state\n   switch    Switch branches\n   tag       Create, list, delete or verify a tag object signed with GPG\n\ncollaborate (see also: git help workflows)\n   fetch     Download objects and refs from another repository\n   pull      Fetch from and integrate with another repository or a local branch\n   push      Update remote refs along with associated objects\n\n'git help -a' and 'git help -g' list available subcommands and some\nconcept guides. See 'git help <command>' or 'git help <concept>'\nto read about a specific subcommand or concept.\nSee 'git help git' for an overview of the system.\n""
[0m14:45:04.238090 [debug] [MainThread]: STDERR: "b''"
[0m14:45:04.238464 [info ] [MainThread]:  - git [[32mOK found[0m]

[0m14:45:04.238975 [info ] [MainThread]: Connection test skipped since no profile was found
[0m14:45:04.239463 [info ] [MainThread]: [31m2 checks failed:[0m
[0m14:45:04.239872 [info ] [MainThread]: dbt looked for a profiles.yml file in /home/vscode/.dbt/profiles.yml, but did
not find one. For more information on configuring your profile, consult the
documentation:

https://docs.getdbt.com/docs/configure-your-profile


[0m14:45:04.240413 [info ] [MainThread]: Project loading failed for the following reason:
 project path </workspaces/data-engineering-with-data-build-tool-dbt-4458303/dbt_project.yml> not found

[0m14:45:04.241234 [debug] [MainThread]: Command `dbt debug` failed at 14:45:04.241032 after 0.02 seconds
[0m14:45:04.241856 [debug] [MainThread]: Sending event: {'category': 'dbt', 'action': 'invocation', 'label': 'end', 'context': [<snowplow_tracker.self_describing_json.SelfDescribingJson object at 0x7f6fff391720>, <snowplow_tracker.self_describing_json.SelfDescribingJson object at 0x7f6ffd070760>, <snowplow_tracker.self_describing_json.SelfDescribingJson object at 0x7f6ffd070730>]}
[0m14:45:04.242388 [debug] [MainThread]: Flushing usage events
